build/app/outputs/mapping/release/seeds.txt
com.example.manektechtask.MainActivity
com.example.manektechtask.MainActivity: MainActivity()
...
io.flutter.view.AccessibilityViewEmbedder: AccessibilityViewEmbedder(android.view.View,int)
androidx.window.layout.SidecarWindowBackend: androidx.window.layout.SidecarWindowBackend access$getGlobalInstance$cp()
io.flutter.embedding.engine.FlutterJNI: void nativeRunBundleAndSnapshotFromLibrary(long,java.lang.String,java.lang.String,java.lang.String,android.content.res.AssetManager,java.util.List)
androidx.window.layout.ActivityCompatHelperApi30: android.graphics.Rect currentWindowBounds(android.app.Activity)
androidx.window.embedding.SplitPlaceholderRule: androidx.window.embedding.SplitPlaceholderRule plus$window_release(androidx.window.embedding.ActivityFilter)
androidx.window.layout.SidecarWindowBackend$WindowLayoutChangeCallbackWrapper: androidx.core.util.Consumer getCallback()
androidx.window.embedding.ExtensionEmbeddingBackend: androidx.window.embedding.ExtensionEmbeddingBackend access$getGlobalInstance$cp()
io.flutter.embedding.engine.systemchannels.PlatformChannel$DeviceOrientation: io.flutter.embedding.engine.systemchannels.PlatformChannel$DeviceOrientation valueOf(java.lang.String)
io.flutter.embedding.engine.FlutterJNI: void handlePlatformMessage(java.lang.String,java.nio.ByteBuffer,int,long)
io.flutter.embedding.engine.FlutterJNI: void updateCustomAccessibilityActions(java.nio.ByteBuffer,java.lang.String[])
androidx.window.layout.DisplayCompatHelperApi28: DisplayCompatHelperApi28()
androidx.window.embedding.EmbeddingAdapter: java.util.function.Predicate translateActivityPairPredicates(java.util.Set)
androidx.window.embedding.SplitRule: int getLayoutDirection()
io.flutter.embedding.engine.FlutterJNI: void nativeInit(android.content.Context,java.lang.String[],java.lang.String,java.lang.String,java.lang.String,long)
androidx.window.layout.SidecarAdapter: boolean isEqualSidecarWindowLayoutInfo(androidx.window.sidecar.SidecarWindowLayoutInfo,androidx.window.sidecar.SidecarWindowLayoutInfo)
androidx.window.layout.SidecarCompat$TranslatingCallback: void onDeviceStateChanged(androidx.window.sidecar.SidecarDeviceState)
androidx.window.embedding.ExtensionEmbeddingBackend: ExtensionEmbeddingBackend(androidx.window.embedding.EmbeddingInterfaceCompat)
androidx.window.layout.HardwareFoldingFeature$Type: androidx.window.layout.HardwareFoldingFeature$Type access$getHINGE$cp()
androidx.window.layout.SidecarAdapter: SidecarAdapter()
kotlin.coroutines.intrinsics.CoroutineSingletons: kotlin.coroutines.intrinsics.CoroutineSingletons[] values()
io.flutter.embedding.engine.FlutterOverlaySurface: FlutterOverlaySurface(int,android.view.Surface)
androidx.window.embedding.EmbeddingAdapter: java.lang.Object component2(android.util.Pair)
androidx.window.layout.SidecarAdapter: boolean isEqualSidecarDeviceState(androidx.window.sidecar.SidecarDeviceState,androidx.window.sidecar.SidecarDeviceState)
androidx.window.layout.WindowInfoTrackerImpl$Companion: WindowInfoTrackerImpl$Companion(kotlin.jvm.internal.DefaultConstructorMarker)
androidx.window.layout.SidecarWindowBackend$Companion: SidecarWindowBackend$Companion(kotlin.jvm.internal.DefaultConstructorMarker)
androidx.window.embedding.SplitPairFilter: android.content.ComponentName getPrimaryActivityName()
io.flutter.embedding.engine.FlutterJNI: void updateJavaAssetManager(android.content.res.AssetManager,java.lang.String)
io.flutter.embedding.engine.mutatorsstack.FlutterMutatorsStack: java.util.List getFinalClippingPaths()
androidx.window.java.layout.WindowInfoTrackerCallbackAdapter$addListener$1$1: WindowInfoTrackerCallbackAdapter$addListener$1$1(kotlinx.coroutines.flow.Flow,androidx.core.util.Consumer,kotlin.coroutines.Continuation)
io.flutter.embedding.engine.FlutterJNI: void removeEngineLifecycleListener(io.flutter.embedding.engine.FlutterEngine$EngineLifecycleListener)
io.flutter.view.AccessibilityBridge$TextDirection: io.flutter.view.AccessibilityBridge$TextDirection valueOf(java.lang.String)