build/app/outputs/mapping/release/mapping.txt
# compiler: R8
# compiler_version: 3.2.47
# min_api: 16
# common_typos_disable
# {"id":"com.android.tools.r8.mapping","version":"2.0"}
# pg_map_id: 8bf2241
# pg_map_hash: SHA-256 8bf224196bb0c1e45356ceefeca26ac69d86b19edae53e070d1599591fcf382f
...
kotlin.jvm.internal.CallableReference$NoReceiver -> kotlin.jvm.internal.a$a:
    kotlin.jvm.internal.CallableReference$NoReceiver INSTANCE -> d
    kotlin.jvm.internal.CallableReference$NoReceiver access$000() -> a
kotlin.jvm.internal.ClassBasedDeclarationContainer -> kotlin.jvm.internal.b:
    java.lang.Class getJClass() -> b
kotlin.jvm.internal.ClassReference -> kotlin.jvm.internal.c:
    java.util.HashMap classFqNames -> i
    java.util.HashMap primitiveWrapperFqNames -> h
    java.util.HashMap primitiveFqNames -> g
    kotlin.jvm.internal.ClassReference$Companion Companion -> e
    java.util.Map simpleNames -> j
    java.util.Map FUNCTION_CLASSES -> f
    java.lang.Class jClass -> d
    java.lang.String getSimpleName() -> a
    java.lang.Class getJClass() -> b
    java.util.Map access$getSimpleNames$cp() -> c
kotlin.jvm.internal.ClassReference$Companion -> kotlin.jvm.internal.c$a:
    java.lang.String getClassSimpleName(java.lang.Class) -> a
kotlin.jvm.internal.CollectionToArray -> kotlin.jvm.internal.d:
    java.lang.Object[] EMPTY -> a
    java.lang.Object[] toArray(java.util.Collection) -> a
    java.lang.Object[] toArray(java.util.Collection,java.lang.Object[]) -> b
kotlin.jvm.internal.DefaultConstructorMarker -> kotlin.jvm.internal.e:
kotlin.jvm.internal.FunctionBase -> kotlin.jvm.internal.f:
kotlin.jvm.internal.FunctionReference -> kotlin.jvm.internal.g:
kotlin.jvm.internal.FunctionReferenceImpl -> kotlin.jvm.internal.h:
kotlin.jvm.internal.Intrinsics -> kotlin.jvm.internal.i:
    boolean areEqual(java.lang.Object,java.lang.Object) -> a
    void checkNotNull(java.lang.Object) -> b
    void checkNotNull(java.lang.Object,java.lang.String) -> c
    void checkNotNullExpressionValue(java.lang.Object,java.lang.String) -> d
    void checkNotNullParameter(java.lang.Object,java.lang.String) -> e
    int compare(int,int) -> f
    java.lang.String createParameterIsNullExceptionMessage(java.lang.String) -> g
    java.lang.Throwable sanitizeStackTrace(java.lang.Throwable) -> h
    java.lang.Throwable sanitizeStackTrace(java.lang.Throwable,java.lang.String) -> i
    java.lang.String stringPlus(java.lang.String,java.lang.Object) -> j
    void throwJavaNpe() -> k
    void throwJavaNpe(java.lang.String) -> l
    void throwParameterIsNullNPE(java.lang.String) -> m
    void throwUninitializedProperty(java.lang.String) -> n
    void throwUninitializedPropertyAccessException(java.lang.String) -> o
kotlin.jvm.internal.Lambda -> kotlin.jvm.internal.j:
kotlin.jvm.internal.PackageReference -> kotlin.jvm.internal.k:
    java.lang.Class jClass -> d
    java.lang.String moduleName -> e
    java.lang.Class getJClass() -> b
kotlin.jvm.internal.Reflection -> kotlin.jvm.internal.l:
    kotlin.reflect.KClass[] EMPTY_K_CLASS_ARRAY -> b
    kotlin.jvm.internal.ReflectionFactory factory -> a
    kotlin.reflect.KFunction function(kotlin.jvm.internal.FunctionReference) -> a
    kotlin.reflect.KClass getOrCreateKotlinClass(java.lang.Class) -> b
    kotlin.reflect.KDeclarationContainer getOrCreateKotlinPackage(java.lang.Class) -> c
    java.lang.String renderLambdaToString(kotlin.jvm.internal.FunctionBase) -> d
    java.lang.String renderLambdaToString(kotlin.jvm.internal.Lambda) -> e
kotlin.jvm.internal.ReflectionFactory -> kotlin.jvm.internal.m:
    kotlin.reflect.KFunction function(kotlin.jvm.internal.FunctionReference) -> a
    kotlin.reflect.KClass getOrCreateKotlinClass(java.lang.Class) -> b
    kotlin.reflect.KDeclarationContainer getOrCreateKotlinPackage(java.lang.Class,java.lang.String) -> c
    java.lang.String renderLambdaToString(kotlin.jvm.internal.FunctionBase) -> d
    java.lang.String renderLambdaToString(kotlin.jvm.internal.Lambda) -> e