build/app/outputs/mapping/release/usage.txt
com.example.manektechtask.BuildConfig
com.example.manektechtask.R$attr
com.example.manektechtask.R$color
com.example.manektechtask.R$dimen
com.example.manektechtask.R$drawable
com.example.manektechtask.R$id
com.example.manektechtask.R$integer
com.example.manektechtask.R$layout
com.example.manektechtask.R$mipmap
com.example.manektechtask.R$string
com.example.manektechtask.R$style
com.example.manektechtask.R$styleable
com.example.manektechtask.R
...
com.google.common.eventbus.Subscriber
com.google.common.eventbus.SubscriberExceptionContext
com.google.common.eventbus.SubscriberExceptionHandler
com.google.common.eventbus.SubscriberRegistry$1
com.google.common.eventbus.SubscriberRegistry$2
com.google.common.eventbus.SubscriberRegistry$MethodIdentifier
com.google.common.eventbus.SubscriberRegistry
com.google.common.eventbus.package-info
com.google.common.graph.AbstractBaseGraph$1
com.google.common.graph.AbstractBaseGraph$IncidentEdgeSet$Directed$1
com.google.common.graph.AbstractBaseGraph$IncidentEdgeSet$Directed$2
com.google.common.graph.AbstractBaseGraph$IncidentEdgeSet$Directed
com.google.common.graph.AbstractBaseGraph$IncidentEdgeSet$Undirected$1
com.google.common.graph.AbstractBaseGraph$IncidentEdgeSet$Undirected
com.google.common.graph.AbstractBaseGraph$IncidentEdgeSet
com.google.common.graph.AbstractBaseGraph
com.google.common.graph.AbstractDirectedNetworkConnections$1
com.google.common.graph.AbstractDirectedNetworkConnections
com.google.common.graph.AbstractGraph
com.google.common.graph.AbstractGraphBuilder
com.google.common.graph.AbstractNetwork$1$1$1
com.google.common.graph.AbstractNetwork$1$1
com.google.common.graph.AbstractNetwork$1
com.google.common.graph.AbstractNetwork$2
com.google.common.graph.AbstractNetwork$3
com.google.common.graph.AbstractNetwork
com.google.common.graph.AbstractUndirectedNetworkConnections
com.google.common.graph.AbstractValueGraph$1
com.google.common.graph.AbstractValueGraph$2
com.google.common.graph.AbstractValueGraph
com.google.common.graph.BaseGraph
com.google.common.graph.ConfigurableMutableGraph
com.google.common.graph.ConfigurableMutableNetwork
com.google.common.graph.ConfigurableMutableValueGraph
com.google.common.graph.ConfigurableNetwork
com.google.common.graph.ConfigurableValueGraph
com.google.common.graph.DirectedGraphConnections$1$1
com.google.common.graph.DirectedGraphConnections$1
com.google.common.graph.DirectedGraphConnections$2$1
com.google.common.graph.DirectedGraphConnections$2
com.google.common.graph.DirectedGraphConnections$PredAndSucc
com.google.common.graph.DirectedGraphConnections
com.google.common.graph.DirectedMultiNetworkConnections$1
com.google.common.graph.DirectedMultiNetworkConnections
com.google.common.graph.DirectedNetworkConnections
com.google.common.graph.EdgesConnecting
com.google.common.graph.ElementOrder$1
com.google.common.graph.ElementOrder$Type
com.google.common.graph.ElementOrder
com.google.common.graph.EndpointPair$1
com.google.common.graph.EndpointPair$Ordered
com.google.common.graph.EndpointPair$Unordered
com.google.common.graph.EndpointPair
com.google.common.graph.EndpointPairIterator$1
com.google.common.graph.EndpointPairIterator$Directed
com.google.common.graph.EndpointPairIterator$Undirected
com.google.common.graph.EndpointPairIterator
com.google.common.graph.ForwardingGraph
com.google.common.graph.ForwardingNetwork
com.google.common.graph.ForwardingValueGraph
com.google.common.graph.Graph
com.google.common.graph.GraphBuilder
com.google.common.graph.GraphConnections
com.google.common.graph.GraphConstants$Presence
com.google.common.graph.GraphConstants
com.google.common.graph.Graphs$NodeVisitState
com.google.common.graph.Graphs$TransposedGraph
com.google.common.graph.Graphs$TransposedNetwork
com.google.common.graph.Graphs$TransposedValueGraph
com.google.common.graph.Graphs
com.google.common.graph.ImmutableGraph$Builder
com.google.common.graph.ImmutableGraph
com.google.common.graph.ImmutableNetwork$1
com.google.common.graph.ImmutableNetwork$2
com.google.common.graph.ImmutableNetwork$3
com.google.common.graph.ImmutableNetwork$Builder
com.google.common.graph.ImmutableNetwork
com.google.common.graph.ImmutableValueGraph$1
com.google.common.graph.ImmutableValueGraph$Builder
com.google.common.graph.ImmutableValueGraph
com.google.common.graph.MapIteratorCache$1$1
com.google.common.graph.MapIteratorCache$1
com.google.common.graph.MapIteratorCache
com.google.common.graph.MapRetrievalCache$CacheEntry